<!DOCTYPE html PUBLIC "-//W3C//DTD XHTML 1.1//EN" "http://www.w3.org/TR/xhtml11/DTD/xhtml11.dtd">
<html xmlns="http://www.w3.org/1999/xhtml">
<head>
<meta http-equiv="content-type" content="text/html; charset=UTF-8"/>
<title>TestNG Report</title>
<style type="text/css">table {margin-bottom:10px;border-collapse:collapse;empty-cells:show}th,td {border:1px solid #009;padding:.25em .5em}th {vertical-align:bottom}td {vertical-align:top}table a {font-weight:bold}.stripe td {background-color: #E6EBF9}.num {text-align:right}.passedodd td {background-color: #3F3}.passedeven td {background-color: #0A0}.skippedodd td {background-color: #DDD}.skippedeven td {background-color: #CCC}.failedodd td,.attn {background-color: #F33}.failedeven td,.stripe .attn {background-color: #D00}.stacktrace {white-space:pre;font-family:monospace}.totop {font-size:85%;text-align:center;border-bottom:2px solid #000}.invisible {display:none}</style>
</head>
<body>
<table>
<tr><th>Test</th><th># Passed</th><th># Skipped</th><th># Failed</th><th>Time (ms)</th><th>Included Groups</th><th>Excluded Groups</th></tr>
<tr><th colspan="7">mysuite</th></tr>
<tr><td><a href="#t0">Test validate CHROMEcom.atmecs.automate_konakart.testscripts.TestKonakartHome</a></td><td class="num">2</td><td class="num">0</td><td class="num">0</td><td class="num">63,844</td><td></td><td></td></tr>
<tr class="stripe"><td><a href="#t1">Test validate FIREFOXcom.atmecs.automate_konakart.testscripts.TestHeroImage</a></td><td class="num">0</td><td class="num attn">1</td><td class="num attn">1</td><td class="num">73,468</td><td></td><td></td></tr>
<tr><td><a href="#t2">Test validate FIREFOXcom.atmecs.automate_konakart.testscripts.TestKonakartHome</a></td><td class="num">2</td><td class="num">0</td><td class="num">0</td><td class="num">74,148</td><td></td><td></td></tr>
<tr class="stripe"><td><a href="#t3">Test validate CHROMEcom.atmecs.automate_konakart.testscripts.TestHeroImage</a></td><td class="num">1</td><td class="num">0</td><td class="num attn">1</td><td class="num">130,724</td><td></td><td></td></tr>
<tr><th>Total</th><th class="num">5</th><th class="num attn">1</th><th class="num attn">2</th><th class="num">342,184</th><th colspan="2"></th></tr>
</table>
<table id='summary'><thead><tr><th>Class</th><th>Method</th><th>Start</th><th>Time (ms)</th></tr></thead><tbody><tr><th colspan="4">mysuite</th></tr></tbody><tbody id="t0"><tr><th colspan="4">Test validate CHROMEcom.atmecs.automate_konakart.testscripts.TestKonakartHome &#8212; passed</th></tr><tr class="passedeven"><td rowspan="2">com.atmecs.automate_konakart.testscripts.TestKonakartHome</td><td><a href="#m0">validateKonakart</a></td><td rowspan="2">1571942974242</td><td rowspan="2">27385</td></tr><tr class="passedeven"><td><a href="#m1">validateKonakart</a></td></tr></tbody>
<tbody id="t1"><tr><th colspan="4">Test validate FIREFOXcom.atmecs.automate_konakart.testscripts.TestHeroImage &#8212; failed (configuration methods)</th></tr><tr class="failedeven"><td rowspan="1">com.atmecs.automate_konakart.testscripts.TestHeroImage</td><td><a href="#m2">tearDown</a></td><td rowspan="1">1571943027535</td><td rowspan="1">39</td></tr><tr><th colspan="4">Test validate FIREFOXcom.atmecs.automate_konakart.testscripts.TestHeroImage &#8212; failed</th></tr><tr class="failedeven"><td rowspan="1">com.atmecs.automate_konakart.testscripts.TestHeroImage</td><td><a href="#m3">validateHeroImage</a></td><td rowspan="1">1571942986990</td><td rowspan="1">40541</td></tr><tr><th colspan="4">Test validate FIREFOXcom.atmecs.automate_konakart.testscripts.TestHeroImage &#8212; skipped (configuration methods)</th></tr><tr class="skippedeven"><td rowspan="2">com.atmecs.automate_konakart.testscripts.TestHeroImage</td><td><a href="#m4">endDriver</a></td><td rowspan="1">1571943027574</td><td rowspan="1">0</td></tr><tr class="skippedeven"><td><a href="#m5">tearDown</a></td><td rowspan="1">1571943027574</td><td rowspan="1">0</td></tr><tr><th colspan="4">Test validate FIREFOXcom.atmecs.automate_konakart.testscripts.TestHeroImage &#8212; skipped</th></tr><tr class="skippedeven"><td rowspan="1">com.atmecs.automate_konakart.testscripts.TestHeroImage</td><td><a href="#m6">validateHeroImage</a></td><td rowspan="1">1571943027574</td><td rowspan="1">0</td></tr></tbody>
<tbody id="t2"><tr><th colspan="4">Test validate FIREFOXcom.atmecs.automate_konakart.testscripts.TestKonakartHome &#8212; passed</th></tr><tr class="passedeven"><td rowspan="2">com.atmecs.automate_konakart.testscripts.TestKonakartHome</td><td><a href="#m7">validateKonakart</a></td><td rowspan="2">1571942988635</td><td rowspan="2">10926</td></tr><tr class="passedeven"><td><a href="#m8">validateKonakart</a></td></tr></tbody>
<tbody id="t3"><tr><th colspan="4">Test validate CHROMEcom.atmecs.automate_konakart.testscripts.TestHeroImage &#8212; failed</th></tr><tr class="failedeven"><td rowspan="1">com.atmecs.automate_konakart.testscripts.TestHeroImage</td><td><a href="#m9">validateHeroImage</a></td><td rowspan="1">1571943029610</td><td rowspan="1">50169</td></tr><tr><th colspan="4">Test validate CHROMEcom.atmecs.automate_konakart.testscripts.TestHeroImage &#8212; passed</th></tr><tr class="passedeven"><td rowspan="1">com.atmecs.automate_konakart.testscripts.TestHeroImage</td><td><a href="#m10">validateHeroImage</a></td><td rowspan="1">1571942974862</td><td rowspan="1">54328</td></tr></tbody>
</table>
<h2>Test validate CHROMEcom.atmecs.automate_konakart.testscripts.TestKonakartHome</h2><h3 id="m0">com.atmecs.automate_konakart.testscripts.TestKonakartHome#validateKonakart</h3><table class="result"><tr class="param"><th>Parameter #1</th></tr><tr class="param stripe"><td>[KonaKart, 3, the dark knight, The Dark Knight, (3 Reviews), $54.99, null, null, null]</td></tr></table><p class="totop"><a href="#summary">back to summary</a></p>
<h3 id="m1">com.atmecs.automate_konakart.testscripts.TestKonakartHome#validateKonakart</h3><table class="result"><tr class="param"><th>Parameter #1</th></tr><tr class="param stripe"><td>[KonaKart, 5, apple, iPhone 5, (0 Reviews), $999.99, iPhone 4S, (0 Reviews), $899.99]</td></tr></table><p class="totop"><a href="#summary">back to summary</a></p>
<h2>Test validate FIREFOXcom.atmecs.automate_konakart.testscripts.TestHeroImage</h2><h3 id="m2">com.atmecs.automate_konakart.testscripts.TestHeroImage#tearDown</h3><table class="result"><tr class="param"><th>Parameter #1</th></tr><tr class="param stripe"><td>[TestResult name=validateHeroImage status=FAILURE method=TestHeroImage.validateHeroImage([Ljava.lang.String;)[pri:2, instance:com.atmecs.automate_konakart.testscripts.TestHeroImage@7ca26225] output={null}]</td></tr><tr><th>Exception</th></tr><tr><td><div class="stacktrace">org.openqa.selenium.NoSuchSessionException: Tried to run command without establishing a connection
Build info: version: &apos;3.141.59&apos;, revision: &apos;e82be7d358&apos;, time: &apos;2018-11-14T08:17:03&apos;
System info: host: &apos;ATMECSINLT-085&apos;, ip: &apos;192.168.43.239&apos;, os.name: &apos;Windows 10&apos;, os.arch: &apos;amd64&apos;, os.version: &apos;10.0&apos;, java.version: &apos;1.8.0_221&apos;
Driver info: org.openqa.selenium.firefox.FirefoxDriver
Capabilities {acceptInsecureCerts: true, browserName: firefox, browserVersion: 69.0, javascriptEnabled: true, moz:accessibilityChecks: false, moz:buildID: 20190827005903, moz:geckodriverVersion: 0.26.0, moz:headless: false, moz:processID: 20556, moz:profile: C:\Users\ajith.periyasamy\A..., moz:shutdownTimeout: 60000, moz:useNonSpecCompliantPointerOrigin: false, moz:webdriverClick: true, pageLoadStrategy: normal, platform: WINDOWS, platformName: WINDOWS, platformVersion: 10.0, rotatable: false, setWindowRect: true, strictFileInteractability: false, timeouts: {implicit: 0, pageLoad: 300000, script: 30000}, unhandledPromptBehavior: dismiss and notify}
Session ID: 7deb6465-d5e2-4eab-8284-9765d6edbe5c
	at org.openqa.selenium.remote.http.W3CHttpResponseCodec.createException(W3CHttpResponseCodec.java:187)
	at org.openqa.selenium.remote.http.W3CHttpResponseCodec.decode(W3CHttpResponseCodec.java:122)
	at org.openqa.selenium.remote.http.W3CHttpResponseCodec.decode(W3CHttpResponseCodec.java:49)
	at org.openqa.selenium.remote.HttpCommandExecutor.execute(HttpCommandExecutor.java:158)
	at org.openqa.selenium.remote.service.DriverCommandExecutor.execute(DriverCommandExecutor.java:83)
	at org.openqa.selenium.remote.RemoteWebDriver.execute(RemoteWebDriver.java:552)
	at org.openqa.selenium.remote.RemoteWebDriver.execute(RemoteWebDriver.java:609)
	at org.openqa.selenium.remote.RemoteWebDriver.getScreenshotAs(RemoteWebDriver.java:295)
	at com.atmecs.automate_konakart.extentreport.Extent.getScreenshot(Extent.java:48)
	at com.atmecs.automate_konakart.extentreport.Extent.tearDown(Extent.java:66)
	at java.util.concurrent.FutureTask.run(Unknown Source)
	at java.util.concurrent.ThreadPoolExecutor.runWorker(Unknown Source)
	at java.util.concurrent.ThreadPoolExecutor$Worker.run(Unknown Source)
	at java.lang.Thread.run(Unknown Source)
... Removed 23 stack frames</div></td></tr></table><p class="totop"><a href="#summary">back to summary</a></p>
<h3 id="m3">com.atmecs.automate_konakart.testscripts.TestHeroImage#validateHeroImage</h3><table class="result"><tr class="param"><th>Parameter #1</th></tr><tr class="param stripe"><td>[KonaKart, https://www.konakart.com/konakart/images/content/home_delonghi.png, Tablets - Amazon - Kindle Fire HD - DLBCO410, Product Description, Specifications, Customer Reviews (4), The De&apos;Longhi BCO 410 is a 15 bar espresso/filter coffee machine,  By default, the Enterprise version of KonaKart]</td></tr><tr><th>Exception</th></tr><tr><td><div class="stacktrace">org.openqa.selenium.WebDriverException: Failed to decode response from marionette
Build info: version: &apos;3.141.59&apos;, revision: &apos;e82be7d358&apos;, time: &apos;2018-11-14T08:17:03&apos;
System info: host: &apos;ATMECSINLT-085&apos;, ip: &apos;192.168.43.239&apos;, os.name: &apos;Windows 10&apos;, os.arch: &apos;amd64&apos;, os.version: &apos;10.0&apos;, java.version: &apos;1.8.0_221&apos;
Driver info: org.openqa.selenium.firefox.FirefoxDriver
Capabilities {acceptInsecureCerts: true, browserName: firefox, browserVersion: 69.0, javascriptEnabled: true, moz:accessibilityChecks: false, moz:buildID: 20190827005903, moz:geckodriverVersion: 0.26.0, moz:headless: false, moz:processID: 20556, moz:profile: C:\Users\ajith.periyasamy\A..., moz:shutdownTimeout: 60000, moz:useNonSpecCompliantPointerOrigin: false, moz:webdriverClick: true, pageLoadStrategy: normal, platform: WINDOWS, platformName: WINDOWS, platformVersion: 10.0, rotatable: false, setWindowRect: true, strictFileInteractability: false, timeouts: {implicit: 0, pageLoad: 300000, script: 30000}, unhandledPromptBehavior: dismiss and notify}
Session ID: 7deb6465-d5e2-4eab-8284-9765d6edbe5c
*** Element info: {Using=css selector, value=div#product-reviews-area &gt;div}
	at org.openqa.selenium.remote.http.W3CHttpResponseCodec.createException(W3CHttpResponseCodec.java:187)
	at org.openqa.selenium.remote.http.W3CHttpResponseCodec.decode(W3CHttpResponseCodec.java:122)
	at org.openqa.selenium.remote.http.W3CHttpResponseCodec.decode(W3CHttpResponseCodec.java:49)
	at org.openqa.selenium.remote.HttpCommandExecutor.execute(HttpCommandExecutor.java:158)
	at org.openqa.selenium.remote.service.DriverCommandExecutor.execute(DriverCommandExecutor.java:83)
	at org.openqa.selenium.remote.RemoteWebDriver.execute(RemoteWebDriver.java:552)
	at org.openqa.selenium.remote.RemoteWebDriver.findElements(RemoteWebDriver.java:353)
	at org.openqa.selenium.remote.RemoteWebDriver.findElementsByCssSelector(RemoteWebDriver.java:424)
	at org.openqa.selenium.By$ByCssSelector.findElements(By.java:441)
	at org.openqa.selenium.remote.RemoteWebDriver.findElements(RemoteWebDriver.java:311)
	at com.atmecs.automate_konakart.helper.ValidaterHelper.findListlength(ValidaterHelper.java:335)
	at com.atmecs.automate_konakart.helper.ValidaterHelper.ratingValidation(ValidaterHelper.java:297)
	at com.atmecs.automate_konakart.helper.ValidaterHelper.cutomerReviewValidation(ValidaterHelper.java:365)
	at com.atmecs.automate_konakart.pages.HeroPage.validateHeropPage(HeroPage.java:49)
	at com.atmecs.automate_konakart.testscripts.TestHeroImage.validateHeroImage(TestHeroImage.java:47)
	at java.util.concurrent.FutureTask.run(Unknown Source)
	at java.util.concurrent.ThreadPoolExecutor.runWorker(Unknown Source)
	at java.util.concurrent.ThreadPoolExecutor$Worker.run(Unknown Source)
	at java.lang.Thread.run(Unknown Source)
... Removed 20 stack frames</div></td></tr></table><p class="totop"><a href="#summary">back to summary</a></p>
<h3 id="m4">com.atmecs.automate_konakart.testscripts.TestHeroImage#endDriver</h3><table class="result"><tr><th class="invisible"/></tr></table><p class="totop"><a href="#summary">back to summary</a></p>
<h3 id="m5">com.atmecs.automate_konakart.testscripts.TestHeroImage#tearDown</h3><table class="result"><tr><th class="invisible"/></tr></table><p class="totop"><a href="#summary">back to summary</a></p>
<h3 id="m6">com.atmecs.automate_konakart.testscripts.TestHeroImage#validateHeroImage</h3><table class="result"><tr><th>Exception</th></tr><tr><td><div class="stacktrace">org.openqa.selenium.NoSuchSessionException: Tried to run command without establishing a connection
Build info: version: &apos;3.141.59&apos;, revision: &apos;e82be7d358&apos;, time: &apos;2018-11-14T08:17:03&apos;
System info: host: &apos;ATMECSINLT-085&apos;, ip: &apos;192.168.43.239&apos;, os.name: &apos;Windows 10&apos;, os.arch: &apos;amd64&apos;, os.version: &apos;10.0&apos;, java.version: &apos;1.8.0_221&apos;
Driver info: org.openqa.selenium.firefox.FirefoxDriver
Capabilities {acceptInsecureCerts: true, browserName: firefox, browserVersion: 69.0, javascriptEnabled: true, moz:accessibilityChecks: false, moz:buildID: 20190827005903, moz:geckodriverVersion: 0.26.0, moz:headless: false, moz:processID: 20556, moz:profile: C:\Users\ajith.periyasamy\A..., moz:shutdownTimeout: 60000, moz:useNonSpecCompliantPointerOrigin: false, moz:webdriverClick: true, pageLoadStrategy: normal, platform: WINDOWS, platformName: WINDOWS, platformVersion: 10.0, rotatable: false, setWindowRect: true, strictFileInteractability: false, timeouts: {implicit: 0, pageLoad: 300000, script: 30000}, unhandledPromptBehavior: dismiss and notify}
Session ID: 7deb6465-d5e2-4eab-8284-9765d6edbe5c
	at org.openqa.selenium.remote.http.W3CHttpResponseCodec.createException(W3CHttpResponseCodec.java:187)
	at org.openqa.selenium.remote.http.W3CHttpResponseCodec.decode(W3CHttpResponseCodec.java:122)
	at org.openqa.selenium.remote.http.W3CHttpResponseCodec.decode(W3CHttpResponseCodec.java:49)
	at org.openqa.selenium.remote.HttpCommandExecutor.execute(HttpCommandExecutor.java:158)
	at org.openqa.selenium.remote.service.DriverCommandExecutor.execute(DriverCommandExecutor.java:83)
	at org.openqa.selenium.remote.RemoteWebDriver.execute(RemoteWebDriver.java:552)
	at org.openqa.selenium.remote.RemoteWebDriver.execute(RemoteWebDriver.java:609)
	at org.openqa.selenium.remote.RemoteWebDriver.getScreenshotAs(RemoteWebDriver.java:295)
	at com.atmecs.automate_konakart.extentreport.Extent.getScreenshot(Extent.java:48)
	at com.atmecs.automate_konakart.extentreport.Extent.tearDown(Extent.java:66)
	at java.util.concurrent.FutureTask.run(Unknown Source)
	at java.util.concurrent.ThreadPoolExecutor.runWorker(Unknown Source)
	at java.util.concurrent.ThreadPoolExecutor$Worker.run(Unknown Source)
	at java.lang.Thread.run(Unknown Source)
... Removed 23 stack frames</div></td></tr></table><p class="totop"><a href="#summary">back to summary</a></p>
<h2>Test validate FIREFOXcom.atmecs.automate_konakart.testscripts.TestKonakartHome</h2><h3 id="m7">com.atmecs.automate_konakart.testscripts.TestKonakartHome#validateKonakart</h3><table class="result"><tr class="param"><th>Parameter #1</th></tr><tr class="param stripe"><td>[KonaKart, 3, the dark knight, The Dark Knight, (3 Reviews), $54.99, null, null, null]</td></tr></table><p class="totop"><a href="#summary">back to summary</a></p>
<h3 id="m8">com.atmecs.automate_konakart.testscripts.TestKonakartHome#validateKonakart</h3><table class="result"><tr class="param"><th>Parameter #1</th></tr><tr class="param stripe"><td>[KonaKart, 5, apple, iPhone 5, (0 Reviews), $999.99, iPhone 4S, (0 Reviews), $899.99]</td></tr></table><p class="totop"><a href="#summary">back to summary</a></p>
<h2>Test validate CHROMEcom.atmecs.automate_konakart.testscripts.TestHeroImage</h2><h3 id="m9">com.atmecs.automate_konakart.testscripts.TestHeroImage#validateHeroImage</h3><table class="result"><tr class="param"><th>Parameter #1</th></tr><tr class="param stripe"><td>[KonaKart, https://www.konakart.com/konakart/images/content/home_kindle-fire-hd.jpg, Kitchen - DeLonghi - De&apos;Longhi BCO 410 - DLBCO410, Product Description, Specifications, Customer Reviews (3), World&apos;s most advanced 7&quot; tablet, By default, the Enterprise version of KonaKart]</td></tr><tr><th>Exception</th></tr><tr><td><div class="stacktrace">org.openqa.selenium.TimeoutException: Expected condition failed: waiting for element to be clickable: By.cssSelector: #slide-1&gt;img (tried for 20 second(s) with 500 milliseconds interval)
	at org.openqa.selenium.support.ui.WebDriverWait.timeoutException(WebDriverWait.java:95)
	at org.openqa.selenium.support.ui.FluentWait.until(FluentWait.java:272)
	at com.atmecs.automate_konakart.pages.HeroPage.validateHeropPage(HeroPage.java:35)
	at com.atmecs.automate_konakart.testscripts.TestHeroImage.validateHeroImage(TestHeroImage.java:47)
	at java.util.concurrent.FutureTask.run(Unknown Source)
	at java.util.concurrent.ThreadPoolExecutor.runWorker(Unknown Source)
	at java.util.concurrent.ThreadPoolExecutor$Worker.run(Unknown Source)
	at java.lang.Thread.run(Unknown Source)
Caused by: org.openqa.selenium.NoSuchElementException: no such element: Unable to locate element: {&quot;method&quot;:&quot;css selector&quot;,&quot;selector&quot;:&quot;#slide-1&gt;img&quot;}
  (Session info: chrome=78.0.3904.70)
For documentation on this error, please visit: https://www.seleniumhq.org/exceptions/no_such_element.html
Build info: version: &apos;3.141.59&apos;, revision: &apos;e82be7d358&apos;, time: &apos;2018-11-14T08:17:03&apos;
System info: host: &apos;ATMECSINLT-085&apos;, ip: &apos;192.168.43.239&apos;, os.name: &apos;Windows 10&apos;, os.arch: &apos;amd64&apos;, os.version: &apos;10.0&apos;, java.version: &apos;1.8.0_221&apos;
Driver info: org.openqa.selenium.chrome.ChromeDriver
Capabilities {acceptInsecureCerts: false, browserName: chrome, browserVersion: 78.0.3904.70, chrome: {chromedriverVersion: 78.0.3904.70 (edb9c9f3de024..., userDataDir: C:\Users\AJITH~1.PER\AppDat...}, goog:chromeOptions: {debuggerAddress: localhost:61795}, javascriptEnabled: true, networkConnectionEnabled: false, pageLoadStrategy: normal, platform: XP, platformName: XP, proxy: Proxy(), setWindowRect: true, strictFileInteractability: false, timeouts: {implicit: 0, pageLoad: 300000, script: 30000}, unhandledPromptBehavior: dismiss and notify}
Session ID: 8201fdaf9f6a9c930088f0f41d2beb17
*** Element info: {Using=css selector, value=#slide-1&gt;img}
	at org.openqa.selenium.remote.http.W3CHttpResponseCodec.createException(W3CHttpResponseCodec.java:187)
	at org.openqa.selenium.remote.http.W3CHttpResponseCodec.decode(W3CHttpResponseCodec.java:122)
	at org.openqa.selenium.remote.http.W3CHttpResponseCodec.decode(W3CHttpResponseCodec.java:49)
	at org.openqa.selenium.remote.HttpCommandExecutor.execute(HttpCommandExecutor.java:158)
	at org.openqa.selenium.remote.service.DriverCommandExecutor.execute(DriverCommandExecutor.java:83)
	at org.openqa.selenium.remote.RemoteWebDriver.execute(RemoteWebDriver.java:552)
	at org.openqa.selenium.remote.RemoteWebDriver.findElement(RemoteWebDriver.java:323)
	at org.openqa.selenium.remote.RemoteWebDriver.findElementByCssSelector(RemoteWebDriver.java:420)
	at org.openqa.selenium.By$ByCssSelector.findElement(By.java:431)
	at org.openqa.selenium.remote.RemoteWebDriver.findElement(RemoteWebDriver.java:315)
	at org.openqa.selenium.support.ui.ExpectedConditions$7.apply(ExpectedConditions.java:205)
	at org.openqa.selenium.support.ui.ExpectedConditions$7.apply(ExpectedConditions.java:201)
	at org.openqa.selenium.support.ui.ExpectedConditions$22.apply(ExpectedConditions.java:641)
	at org.openqa.selenium.support.ui.ExpectedConditions$22.apply(ExpectedConditions.java:638)
	at org.openqa.selenium.support.ui.FluentWait.until(FluentWait.java:249)
	... 22 more
... Removed 20 stack frames</div></td></tr></table><p class="totop"><a href="#summary">back to summary</a></p>
<h3 id="m10">com.atmecs.automate_konakart.testscripts.TestHeroImage#validateHeroImage</h3><table class="result"><tr class="param"><th>Parameter #1</th></tr><tr class="param stripe"><td>[KonaKart, https://www.konakart.com/konakart/images/content/home_delonghi.png, Tablets - Amazon - Kindle Fire HD - DLBCO410, Product Description, Specifications, Customer Reviews (4), The De&apos;Longhi BCO 410 is a 15 bar espresso/filter coffee machine,  By default, the Enterprise version of KonaKart]</td></tr></table><p class="totop"><a href="#summary">back to summary</a></p>
</body>
</html>
