<!DOCTYPE html>

<html>
  <head>
  <meta charset='utf-8'>
  <title>TestNG reports</title>

    <link type="text/css" href="testng-reports.css" rel="stylesheet" />
    <script type="text/javascript" src="jquery-1.7.1.min.js"></script>
    <script type="text/javascript" src="testng-reports.js"></script>
    <script type="text/javascript" src="https://www.google.com/jsapi"></script>
    <script type='text/javascript'>
      google.load('visualization', '1', {packages:['table']});
      google.setOnLoadCallback(drawTable);
      var suiteTableInitFunctions = new Array();
      var suiteTableData = new Array();
    </script>
    <!--
      <script type="text/javascript" src="jquery-ui/js/jquery-ui-1.8.16.custom.min.js"></script>
     -->
  </head>

  <body>
    <div class="top-banner-root">
      <span class="top-banner-title-font">Test results</span>
      <br/>
      <span class="top-banner-font-1">1 suite, 2 failed tests</span>
    </div> <!-- top-banner-root -->
    <div class="navigator-root">
      <div class="navigator-suite-header">
        <span>All suites</span>
        <a href="#" class="collapse-all-link" title="Collapse/expand all the suites">
          <img class="collapse-all-icon" src="collapseall.gif">
          </img> <!-- collapse-all-icon -->
        </a> <!-- collapse-all-link -->
      </div> <!-- navigator-suite-header -->
      <div class="suite">
        <div class="rounded-window">
          <div class="suite-header light-rounded-window-top">
            <a href="#" class="navigator-link" panel-name="suite-mysuite">
              <span class="suite-name border-failed">mysuite</span>
            </a> <!-- navigator-link -->
          </div> <!-- suite-header light-rounded-window-top -->
          <div class="navigator-suite-content">
            <div class="suite-section-title">
              <span>Info</span>
            </div> <!-- suite-section-title -->
            <div class="suite-section-content">
              <ul>
                <li>
                  <a href="#" class="navigator-link " panel-name="test-xml-mysuite">
                    <span>[unset file name]</span>
                  </a> <!-- navigator-link  -->
                </li>
                <li>
                  <a href="#" class="navigator-link " panel-name="testlist-mysuite">
                    <span class="test-stats">4 tests</span>
                  </a> <!-- navigator-link  -->
                </li>
                <li>
                  <a href="#" class="navigator-link " panel-name="group-mysuite">
                    <span>0 groups</span>
                  </a> <!-- navigator-link  -->
                </li>
                <li>
                  <a href="#" class="navigator-link " panel-name="times-mysuite">
                    <span>Times</span>
                  </a> <!-- navigator-link  -->
                </li>
                <li>
                  <a href="#" class="navigator-link " panel-name="reporter-mysuite">
                    <span>Reporter output</span>
                  </a> <!-- navigator-link  -->
                </li>
                <li>
                  <a href="#" class="navigator-link " panel-name="ignored-methods-mysuite">
                    <span>Ignored methods</span>
                  </a> <!-- navigator-link  -->
                </li>
                <li>
                  <a href="#" class="navigator-link " panel-name="chronological-mysuite">
                    <span>Chronological view</span>
                  </a> <!-- navigator-link  -->
                </li>
              </ul>
            </div> <!-- suite-section-content -->
            <div class="result-section">
              <div class="suite-section-title">
                <span>Results</span>
              </div> <!-- suite-section-title -->
              <div class="suite-section-content">
                <ul>
                  <li>
                    <span class="method-stats">8 methods, 2 failed,  1 skipped,  5 passed</span>
                  </li>
                  <li>
                    <span class="method-list-title failed">Failed methods</span>
                    <span class="show-or-hide-methods failed">
                      <a href="#" panel-name="suite-mysuite" class="hide-methods failed suite-mysuite"> (hide)</a> <!-- hide-methods failed suite-mysuite -->
                      <a href="#" panel-name="suite-mysuite" class="show-methods failed suite-mysuite"> (show)</a> <!-- show-methods failed suite-mysuite -->
                    </span>
                    <div class="method-list-content failed suite-mysuite">
                      <span>
                        <img width="3%" src="failed.png"/>
                        <a href="#" class="method navigator-link" panel-name="suite-mysuite" title="com.atmecs.automate_konakart.testscripts.TestHeroImage" hash-for-method="validateHeroImage([KonaKart, https://www.konakart.com/konakart/images/content/home_delonghi.png, Tablets - Amazon - Ki...)">validateHeroImage([KonaKart, https://www.konakart.com/konakart/images/content/home_delonghi.png, Tablets - Amazon - Ki...)</a> <!-- method navigator-link -->
                      </span>
                      <br/>
                      <span>
                        <img width="3%" src="failed.png"/>
                        <a href="#" class="method navigator-link" panel-name="suite-mysuite" title="com.atmecs.automate_konakart.testscripts.TestHeroImage" hash-for-method="validateHeroImage([KonaKart, https://www.konakart.com/konakart/images/content/home_kindle-fire-hd.jpg, Kitchen - DeLon...)">validateHeroImage([KonaKart, https://www.konakart.com/konakart/images/content/home_kindle-fire-hd.jpg, Kitchen - DeLon...)</a> <!-- method navigator-link -->
                      </span>
                      <br/>
                    </div> <!-- method-list-content failed suite-mysuite -->
                  </li>
                  <li>
                    <span class="method-list-title skipped">Skipped methods</span>
                    <span class="show-or-hide-methods skipped">
                      <a href="#" panel-name="suite-mysuite" class="hide-methods skipped suite-mysuite"> (hide)</a> <!-- hide-methods skipped suite-mysuite -->
                      <a href="#" panel-name="suite-mysuite" class="show-methods skipped suite-mysuite"> (show)</a> <!-- show-methods skipped suite-mysuite -->
                    </span>
                    <div class="method-list-content skipped suite-mysuite">
                      <span>
                        <img width="3%" src="skipped.png"/>
                        <a href="#" class="method navigator-link" panel-name="suite-mysuite" title="com.atmecs.automate_konakart.testscripts.TestHeroImage" hash-for-method="validateHeroImage">validateHeroImage</a> <!-- method navigator-link -->
                      </span>
                      <br/>
                    </div> <!-- method-list-content skipped suite-mysuite -->
                  </li>
                  <li>
                    <span class="method-list-title passed">Passed methods</span>
                    <span class="show-or-hide-methods passed">
                      <a href="#" panel-name="suite-mysuite" class="hide-methods passed suite-mysuite"> (hide)</a> <!-- hide-methods passed suite-mysuite -->
                      <a href="#" panel-name="suite-mysuite" class="show-methods passed suite-mysuite"> (show)</a> <!-- show-methods passed suite-mysuite -->
                    </span>
                    <div class="method-list-content passed suite-mysuite">
                      <span>
                        <img width="3%" src="passed.png"/>
                        <a href="#" class="method navigator-link" panel-name="suite-mysuite" title="com.atmecs.automate_konakart.testscripts.TestHeroImage" hash-for-method="validateHeroImage([KonaKart, https://www.konakart.com/konakart/images/content/home_delonghi.png, Tablets - Amazon - Ki...)">validateHeroImage([KonaKart, https://www.konakart.com/konakart/images/content/home_delonghi.png, Tablets - Amazon - Ki...)</a> <!-- method navigator-link -->
                      </span>
                      <br/>
                      <span>
                        <img width="3%" src="passed.png"/>
                        <a href="#" class="method navigator-link" panel-name="suite-mysuite" title="com.atmecs.automate_konakart.testscripts.TestKonakartHome" hash-for-method="validateKonakart([KonaKart, 3, the dark knight, The Dark Knight, (3 Reviews), $54.99, null, null, null])">validateKonakart([KonaKart, 3, the dark knight, The Dark Knight, (3 Reviews), $54.99, null, null, null])</a> <!-- method navigator-link -->
                      </span>
                      <br/>
                      <span>
                        <img width="3%" src="passed.png"/>
                        <a href="#" class="method navigator-link" panel-name="suite-mysuite" title="com.atmecs.automate_konakart.testscripts.TestKonakartHome" hash-for-method="validateKonakart([KonaKart, 5, apple, iPhone 5, (0 Reviews), $999.99, iPhone 4S, (0 Reviews), $899.99])">validateKonakart([KonaKart, 5, apple, iPhone 5, (0 Reviews), $999.99, iPhone 4S, (0 Reviews), $899.99])</a> <!-- method navigator-link -->
                      </span>
                      <br/>
                      <span>
                        <img width="3%" src="passed.png"/>
                        <a href="#" class="method navigator-link" panel-name="suite-mysuite" title="com.atmecs.automate_konakart.testscripts.TestKonakartHome" hash-for-method="validateKonakart([KonaKart, 3, the dark knight, The Dark Knight, (3 Reviews), $54.99, null, null, null])">validateKonakart([KonaKart, 3, the dark knight, The Dark Knight, (3 Reviews), $54.99, null, null, null])</a> <!-- method navigator-link -->
                      </span>
                      <br/>
                      <span>
                        <img width="3%" src="passed.png"/>
                        <a href="#" class="method navigator-link" panel-name="suite-mysuite" title="com.atmecs.automate_konakart.testscripts.TestKonakartHome" hash-for-method="validateKonakart([KonaKart, 5, apple, iPhone 5, (0 Reviews), $999.99, iPhone 4S, (0 Reviews), $899.99])">validateKonakart([KonaKart, 5, apple, iPhone 5, (0 Reviews), $999.99, iPhone 4S, (0 Reviews), $899.99])</a> <!-- method navigator-link -->
                      </span>
                      <br/>
                    </div> <!-- method-list-content passed suite-mysuite -->
                  </li>
                </ul>
              </div> <!-- suite-section-content -->
            </div> <!-- result-section -->
          </div> <!-- navigator-suite-content -->
        </div> <!-- rounded-window -->
      </div> <!-- suite -->
    </div> <!-- navigator-root -->
    <div class="wrapper">
      <div class="main-panel-root">
        <div panel-name="suite-mysuite" class="panel mysuite">
          <div class="suite-mysuite-class-failed">
            <div class="main-panel-header rounded-window-top">
              <img src="failed.png"/>
              <span class="class-name">com.atmecs.automate_konakart.testscripts.TestHeroImage</span>
            </div> <!-- main-panel-header rounded-window-top -->
            <div class="main-panel-content rounded-window-bottom">
              <div class="method">
                <div class="method-content">
                  <a name="validateHeroImage([KonaKart, https://www.konakart.com/konakart/images/content/home_delonghi.png, Tablets - Amazon - Ki...)">
                  </a> <!-- validateHeroImage([KonaKart, https://www.konakart.com/konakart/images/content/home_delonghi.png, Tablets - Amazon - Ki...) -->
                  <span class="method-name">validateHeroImage</span>
                  <span class="parameters">([KonaKart, https://www.konakart.com/konakart/images/content/home_delonghi.png, Tablets - Amazon - Kindle Fire HD - DLBCO410, Product Description, Specifications, Customer Reviews (4), The De'Longhi BCO 410 is a 15 bar espresso/filter coffee machine,  By default, the Enterprise version of KonaKart])</span>
                  <div class="stack-trace">org.openqa.selenium.WebDriverException: Failed to decode response from marionette
Build info: version: &apos;3.141.59&apos;, revision: &apos;e82be7d358&apos;, time: &apos;2018-11-14T08:17:03&apos;
System info: host: &apos;ATMECSINLT-085&apos;, ip: &apos;192.168.43.239&apos;, os.name: &apos;Windows 10&apos;, os.arch: &apos;amd64&apos;, os.version: &apos;10.0&apos;, java.version: &apos;1.8.0_221&apos;
Driver info: org.openqa.selenium.firefox.FirefoxDriver
Capabilities {acceptInsecureCerts: true, browserName: firefox, browserVersion: 69.0, javascriptEnabled: true, moz:accessibilityChecks: false, moz:buildID: 20190827005903, moz:geckodriverVersion: 0.26.0, moz:headless: false, moz:processID: 20556, moz:profile: C:\Users\ajith.periyasamy\A..., moz:shutdownTimeout: 60000, moz:useNonSpecCompliantPointerOrigin: false, moz:webdriverClick: true, pageLoadStrategy: normal, platform: WINDOWS, platformName: WINDOWS, platformVersion: 10.0, rotatable: false, setWindowRect: true, strictFileInteractability: false, timeouts: {implicit: 0, pageLoad: 300000, script: 30000}, unhandledPromptBehavior: dismiss and notify}
Session ID: 7deb6465-d5e2-4eab-8284-9765d6edbe5c
*** Element info: {Using=css selector, value=div#product-reviews-area &gt;div}
	at org.openqa.selenium.remote.http.W3CHttpResponseCodec.createException(W3CHttpResponseCodec.java:187)
	at org.openqa.selenium.remote.http.W3CHttpResponseCodec.decode(W3CHttpResponseCodec.java:122)
	at org.openqa.selenium.remote.http.W3CHttpResponseCodec.decode(W3CHttpResponseCodec.java:49)
	at org.openqa.selenium.remote.HttpCommandExecutor.execute(HttpCommandExecutor.java:158)
	at org.openqa.selenium.remote.service.DriverCommandExecutor.execute(DriverCommandExecutor.java:83)
	at org.openqa.selenium.remote.RemoteWebDriver.execute(RemoteWebDriver.java:552)
	at org.openqa.selenium.remote.RemoteWebDriver.findElements(RemoteWebDriver.java:353)
	at org.openqa.selenium.remote.RemoteWebDriver.findElementsByCssSelector(RemoteWebDriver.java:424)
	at org.openqa.selenium.By$ByCssSelector.findElements(By.java:441)
	at org.openqa.selenium.remote.RemoteWebDriver.findElements(RemoteWebDriver.java:311)
	at com.atmecs.automate_konakart.helper.ValidaterHelper.findListlength(ValidaterHelper.java:335)
	at com.atmecs.automate_konakart.helper.ValidaterHelper.ratingValidation(ValidaterHelper.java:297)
	at com.atmecs.automate_konakart.helper.ValidaterHelper.cutomerReviewValidation(ValidaterHelper.java:365)
	at com.atmecs.automate_konakart.pages.HeroPage.validateHeropPage(HeroPage.java:49)
	at com.atmecs.automate_konakart.testscripts.TestHeroImage.validateHeroImage(TestHeroImage.java:47)
	at java.util.concurrent.FutureTask.run(Unknown Source)
	at java.util.concurrent.ThreadPoolExecutor.runWorker(Unknown Source)
	at java.util.concurrent.ThreadPoolExecutor$Worker.run(Unknown Source)
	at java.lang.Thread.run(Unknown Source)
... Removed 20 stack frames
</div> <!-- stack-trace -->
                </div> <!-- method-content -->
              </div> <!-- method -->
              <div class="method">
                <div class="method-content">
                  <a name="validateHeroImage([KonaKart, https://www.konakart.com/konakart/images/content/home_kindle-fire-hd.jpg, Kitchen - DeLon...)">
                  </a> <!-- validateHeroImage([KonaKart, https://www.konakart.com/konakart/images/content/home_kindle-fire-hd.jpg, Kitchen - DeLon...) -->
                  <span class="method-name">validateHeroImage</span>
                  <span class="parameters">([KonaKart, https://www.konakart.com/konakart/images/content/home_kindle-fire-hd.jpg, Kitchen - DeLonghi - De'Longhi BCO 410 - DLBCO410, Product Description, Specifications, Customer Reviews (3), World's most advanced 7" tablet, By default, the Enterprise version of KonaKart])</span>
                  <div class="stack-trace">org.openqa.selenium.TimeoutException: Expected condition failed: waiting for element to be clickable: By.cssSelector: #slide-1&gt;img (tried for 20 second(s) with 500 milliseconds interval)
	at org.openqa.selenium.support.ui.WebDriverWait.timeoutException(WebDriverWait.java:95)
	at org.openqa.selenium.support.ui.FluentWait.until(FluentWait.java:272)
	at com.atmecs.automate_konakart.pages.HeroPage.validateHeropPage(HeroPage.java:35)
	at com.atmecs.automate_konakart.testscripts.TestHeroImage.validateHeroImage(TestHeroImage.java:47)
	at java.util.concurrent.FutureTask.run(Unknown Source)
	at java.util.concurrent.ThreadPoolExecutor.runWorker(Unknown Source)
	at java.util.concurrent.ThreadPoolExecutor$Worker.run(Unknown Source)
	at java.lang.Thread.run(Unknown Source)
Caused by: org.openqa.selenium.NoSuchElementException: no such element: Unable to locate element: {&quot;method&quot;:&quot;css selector&quot;,&quot;selector&quot;:&quot;#slide-1&gt;img&quot;}
  (Session info: chrome=78.0.3904.70)
For documentation on this error, please visit: https://www.seleniumhq.org/exceptions/no_such_element.html
Build info: version: &apos;3.141.59&apos;, revision: &apos;e82be7d358&apos;, time: &apos;2018-11-14T08:17:03&apos;
System info: host: &apos;ATMECSINLT-085&apos;, ip: &apos;192.168.43.239&apos;, os.name: &apos;Windows 10&apos;, os.arch: &apos;amd64&apos;, os.version: &apos;10.0&apos;, java.version: &apos;1.8.0_221&apos;
Driver info: org.openqa.selenium.chrome.ChromeDriver
Capabilities {acceptInsecureCerts: false, browserName: chrome, browserVersion: 78.0.3904.70, chrome: {chromedriverVersion: 78.0.3904.70 (edb9c9f3de024..., userDataDir: C:\Users\AJITH~1.PER\AppDat...}, goog:chromeOptions: {debuggerAddress: localhost:61795}, javascriptEnabled: true, networkConnectionEnabled: false, pageLoadStrategy: normal, platform: XP, platformName: XP, proxy: Proxy(), setWindowRect: true, strictFileInteractability: false, timeouts: {implicit: 0, pageLoad: 300000, script: 30000}, unhandledPromptBehavior: dismiss and notify}
Session ID: 8201fdaf9f6a9c930088f0f41d2beb17
*** Element info: {Using=css selector, value=#slide-1&gt;img}
	at org.openqa.selenium.remote.http.W3CHttpResponseCodec.createException(W3CHttpResponseCodec.java:187)
	at org.openqa.selenium.remote.http.W3CHttpResponseCodec.decode(W3CHttpResponseCodec.java:122)
	at org.openqa.selenium.remote.http.W3CHttpResponseCodec.decode(W3CHttpResponseCodec.java:49)
	at org.openqa.selenium.remote.HttpCommandExecutor.execute(HttpCommandExecutor.java:158)
	at org.openqa.selenium.remote.service.DriverCommandExecutor.execute(DriverCommandExecutor.java:83)
	at org.openqa.selenium.remote.RemoteWebDriver.execute(RemoteWebDriver.java:552)
	at org.openqa.selenium.remote.RemoteWebDriver.findElement(RemoteWebDriver.java:323)
	at org.openqa.selenium.remote.RemoteWebDriver.findElementByCssSelector(RemoteWebDriver.java:420)
	at org.openqa.selenium.By$ByCssSelector.findElement(By.java:431)
	at org.openqa.selenium.remote.RemoteWebDriver.findElement(RemoteWebDriver.java:315)
	at org.openqa.selenium.support.ui.ExpectedConditions$7.apply(ExpectedConditions.java:205)
	at org.openqa.selenium.support.ui.ExpectedConditions$7.apply(ExpectedConditions.java:201)
	at org.openqa.selenium.support.ui.ExpectedConditions$22.apply(ExpectedConditions.java:641)
	at org.openqa.selenium.support.ui.ExpectedConditions$22.apply(ExpectedConditions.java:638)
	at org.openqa.selenium.support.ui.FluentWait.until(FluentWait.java:249)
	... 22 more
... Removed 20 stack frames
</div> <!-- stack-trace -->
                </div> <!-- method-content -->
              </div> <!-- method -->
            </div> <!-- main-panel-content rounded-window-bottom -->
          </div> <!-- suite-mysuite-class-failed -->
          <div class="suite-mysuite-class-skipped">
            <div class="main-panel-header rounded-window-top">
              <img src="skipped.png"/>
              <span class="class-name">com.atmecs.automate_konakart.testscripts.TestHeroImage</span>
            </div> <!-- main-panel-header rounded-window-top -->
            <div class="main-panel-content rounded-window-bottom">
              <div class="method">
                <div class="method-content">
                  <a name="validateHeroImage">
                  </a> <!-- validateHeroImage -->
                  <span class="method-name">validateHeroImage</span>
                  <div class="stack-trace">org.openqa.selenium.NoSuchSessionException: Tried to run command without establishing a connection
Build info: version: &apos;3.141.59&apos;, revision: &apos;e82be7d358&apos;, time: &apos;2018-11-14T08:17:03&apos;
System info: host: &apos;ATMECSINLT-085&apos;, ip: &apos;192.168.43.239&apos;, os.name: &apos;Windows 10&apos;, os.arch: &apos;amd64&apos;, os.version: &apos;10.0&apos;, java.version: &apos;1.8.0_221&apos;
Driver info: org.openqa.selenium.firefox.FirefoxDriver
Capabilities {acceptInsecureCerts: true, browserName: firefox, browserVersion: 69.0, javascriptEnabled: true, moz:accessibilityChecks: false, moz:buildID: 20190827005903, moz:geckodriverVersion: 0.26.0, moz:headless: false, moz:processID: 20556, moz:profile: C:\Users\ajith.periyasamy\A..., moz:shutdownTimeout: 60000, moz:useNonSpecCompliantPointerOrigin: false, moz:webdriverClick: true, pageLoadStrategy: normal, platform: WINDOWS, platformName: WINDOWS, platformVersion: 10.0, rotatable: false, setWindowRect: true, strictFileInteractability: false, timeouts: {implicit: 0, pageLoad: 300000, script: 30000}, unhandledPromptBehavior: dismiss and notify}
Session ID: 7deb6465-d5e2-4eab-8284-9765d6edbe5c
	at org.openqa.selenium.remote.http.W3CHttpResponseCodec.createException(W3CHttpResponseCodec.java:187)
	at org.openqa.selenium.remote.http.W3CHttpResponseCodec.decode(W3CHttpResponseCodec.java:122)
	at org.openqa.selenium.remote.http.W3CHttpResponseCodec.decode(W3CHttpResponseCodec.java:49)
	at org.openqa.selenium.remote.HttpCommandExecutor.execute(HttpCommandExecutor.java:158)
	at org.openqa.selenium.remote.service.DriverCommandExecutor.execute(DriverCommandExecutor.java:83)
	at org.openqa.selenium.remote.RemoteWebDriver.execute(RemoteWebDriver.java:552)
	at org.openqa.selenium.remote.RemoteWebDriver.execute(RemoteWebDriver.java:609)
	at org.openqa.selenium.remote.RemoteWebDriver.getScreenshotAs(RemoteWebDriver.java:295)
	at com.atmecs.automate_konakart.extentreport.Extent.getScreenshot(Extent.java:48)
	at com.atmecs.automate_konakart.extentreport.Extent.tearDown(Extent.java:66)
	at java.util.concurrent.FutureTask.run(Unknown Source)
	at java.util.concurrent.ThreadPoolExecutor.runWorker(Unknown Source)
	at java.util.concurrent.ThreadPoolExecutor$Worker.run(Unknown Source)
	at java.lang.Thread.run(Unknown Source)
... Removed 23 stack frames
</div> <!-- stack-trace -->
                </div> <!-- method-content -->
              </div> <!-- method -->
            </div> <!-- main-panel-content rounded-window-bottom -->
          </div> <!-- suite-mysuite-class-skipped -->
          <div class="suite-mysuite-class-passed">
            <div class="main-panel-header rounded-window-top">
              <img src="passed.png"/>
              <span class="class-name">com.atmecs.automate_konakart.testscripts.TestKonakartHome</span>
            </div> <!-- main-panel-header rounded-window-top -->
            <div class="main-panel-content rounded-window-bottom">
              <div class="method">
                <div class="method-content">
                  <a name="validateKonakart([KonaKart, 3, the dark knight, The Dark Knight, (3 Reviews), $54.99, null, null, null])">
                  </a> <!-- validateKonakart([KonaKart, 3, the dark knight, The Dark Knight, (3 Reviews), $54.99, null, null, null]) -->
                  <span class="method-name">validateKonakart</span>
                  <span class="parameters">([KonaKart, 3, the dark knight, The Dark Knight, (3 Reviews), $54.99, null, null, null])</span>
                </div> <!-- method-content -->
              </div> <!-- method -->
              <div class="method">
                <div class="method-content">
                  <a name="validateKonakart([KonaKart, 5, apple, iPhone 5, (0 Reviews), $999.99, iPhone 4S, (0 Reviews), $899.99])">
                  </a> <!-- validateKonakart([KonaKart, 5, apple, iPhone 5, (0 Reviews), $999.99, iPhone 4S, (0 Reviews), $899.99]) -->
                  <span class="method-name">validateKonakart</span>
                  <span class="parameters">([KonaKart, 5, apple, iPhone 5, (0 Reviews), $999.99, iPhone 4S, (0 Reviews), $899.99])</span>
                </div> <!-- method-content -->
              </div> <!-- method -->
              <div class="method">
                <div class="method-content">
                  <a name="validateKonakart([KonaKart, 3, the dark knight, The Dark Knight, (3 Reviews), $54.99, null, null, null])">
                  </a> <!-- validateKonakart([KonaKart, 3, the dark knight, The Dark Knight, (3 Reviews), $54.99, null, null, null]) -->
                  <span class="method-name">validateKonakart</span>
                  <span class="parameters">([KonaKart, 3, the dark knight, The Dark Knight, (3 Reviews), $54.99, null, null, null])</span>
                </div> <!-- method-content -->
              </div> <!-- method -->
              <div class="method">
                <div class="method-content">
                  <a name="validateKonakart([KonaKart, 5, apple, iPhone 5, (0 Reviews), $999.99, iPhone 4S, (0 Reviews), $899.99])">
                  </a> <!-- validateKonakart([KonaKart, 5, apple, iPhone 5, (0 Reviews), $999.99, iPhone 4S, (0 Reviews), $899.99]) -->
                  <span class="method-name">validateKonakart</span>
                  <span class="parameters">([KonaKart, 5, apple, iPhone 5, (0 Reviews), $999.99, iPhone 4S, (0 Reviews), $899.99])</span>
                </div> <!-- method-content -->
              </div> <!-- method -->
            </div> <!-- main-panel-content rounded-window-bottom -->
          </div> <!-- suite-mysuite-class-passed -->
          <div class="suite-mysuite-class-passed">
            <div class="main-panel-header rounded-window-top">
              <img src="passed.png"/>
              <span class="class-name">com.atmecs.automate_konakart.testscripts.TestHeroImage</span>
            </div> <!-- main-panel-header rounded-window-top -->
            <div class="main-panel-content rounded-window-bottom">
              <div class="method">
                <div class="method-content">
                  <a name="validateHeroImage([KonaKart, https://www.konakart.com/konakart/images/content/home_delonghi.png, Tablets - Amazon - Ki...)">
                  </a> <!-- validateHeroImage([KonaKart, https://www.konakart.com/konakart/images/content/home_delonghi.png, Tablets - Amazon - Ki...) -->
                  <span class="method-name">validateHeroImage</span>
                  <span class="parameters">([KonaKart, https://www.konakart.com/konakart/images/content/home_delonghi.png, Tablets - Amazon - Kindle Fire HD - DLBCO410, Product Description, Specifications, Customer Reviews (4), The De'Longhi BCO 410 is a 15 bar espresso/filter coffee machine,  By default, the Enterprise version of KonaKart])</span>
                </div> <!-- method-content -->
              </div> <!-- method -->
            </div> <!-- main-panel-content rounded-window-bottom -->
          </div> <!-- suite-mysuite-class-passed -->
        </div> <!-- panel mysuite -->
        <div panel-name="test-xml-mysuite" class="panel">
          <div class="main-panel-header rounded-window-top">
          </div> <!-- main-panel-header rounded-window-top -->
          <div class="main-panel-content rounded-window-bottom">
            <pre>
&lt;?xml version=&quot;1.0&quot; encoding=&quot;UTF-8&quot;?&gt;
&lt;!DOCTYPE suite SYSTEM &quot;http://testng.org/testng-1.0.dtd&quot;&gt;
&lt;suite thread-count=&quot;30&quot; name=&quot;mysuite&quot; parallel=&quot;tests&quot;&gt;
  &lt;test thread-count=&quot;30&quot; name=&quot;Test validate FIREFOXcom.atmecs.automate_konakart.testscripts.TestKonakartHome&quot; parallel=&quot;tests&quot;&gt;
    &lt;parameter name=&quot;browser&quot; value=&quot;MY,FIREFOX&quot;/&gt;
    &lt;classes&gt;
      &lt;class name=&quot;com.atmecs.automate_konakart.testscripts.TestKonakartHome&quot;/&gt;
    &lt;/classes&gt;
  &lt;/test&gt; &lt;!-- Test validate FIREFOXcom.atmecs.automate_konakart.testscripts.TestKonakartHome --&gt;
  &lt;test thread-count=&quot;30&quot; name=&quot;Test validate CHROMEcom.atmecs.automate_konakart.testscripts.TestKonakartHome&quot; parallel=&quot;tests&quot;&gt;
    &lt;parameter name=&quot;browser&quot; value=&quot;MY,CHROME&quot;/&gt;
    &lt;classes&gt;
      &lt;class name=&quot;com.atmecs.automate_konakart.testscripts.TestKonakartHome&quot;/&gt;
    &lt;/classes&gt;
  &lt;/test&gt; &lt;!-- Test validate CHROMEcom.atmecs.automate_konakart.testscripts.TestKonakartHome --&gt;
  &lt;test thread-count=&quot;30&quot; name=&quot;Test validate FIREFOXcom.atmecs.automate_konakart.testscripts.TestHeroImage&quot; parallel=&quot;tests&quot;&gt;
    &lt;parameter name=&quot;browser&quot; value=&quot;MY,FIREFOX&quot;/&gt;
    &lt;classes&gt;
      &lt;class name=&quot;com.atmecs.automate_konakart.testscripts.TestHeroImage&quot;/&gt;
    &lt;/classes&gt;
  &lt;/test&gt; &lt;!-- Test validate FIREFOXcom.atmecs.automate_konakart.testscripts.TestHeroImage --&gt;
  &lt;test thread-count=&quot;30&quot; name=&quot;Test validate CHROMEcom.atmecs.automate_konakart.testscripts.TestHeroImage&quot; parallel=&quot;tests&quot;&gt;
    &lt;parameter name=&quot;browser&quot; value=&quot;MY,CHROME&quot;/&gt;
    &lt;classes&gt;
      &lt;class name=&quot;com.atmecs.automate_konakart.testscripts.TestHeroImage&quot;/&gt;
    &lt;/classes&gt;
  &lt;/test&gt; &lt;!-- Test validate CHROMEcom.atmecs.automate_konakart.testscripts.TestHeroImage --&gt;
&lt;/suite&gt; &lt;!-- mysuite --&gt;
            </pre>
          </div> <!-- main-panel-content rounded-window-bottom -->
        </div> <!-- panel -->
        <div panel-name="testlist-mysuite" class="panel">
          <div class="main-panel-header rounded-window-top">
            <span class="header-content">Tests for mysuite</span>
          </div> <!-- main-panel-header rounded-window-top -->
          <div class="main-panel-content rounded-window-bottom">
            <ul>
              <li>
                <span class="test-name">Test validate FIREFOXcom.atmecs.automate_konakart.testscripts.TestKonakartHome (1 class)</span>
              </li>
              <li>
                <span class="test-name">Test validate CHROMEcom.atmecs.automate_konakart.testscripts.TestKonakartHome (1 class)</span>
              </li>
              <li>
                <span class="test-name">Test validate FIREFOXcom.atmecs.automate_konakart.testscripts.TestHeroImage (1 class)</span>
              </li>
              <li>
                <span class="test-name">Test validate CHROMEcom.atmecs.automate_konakart.testscripts.TestHeroImage (1 class)</span>
              </li>
            </ul>
          </div> <!-- main-panel-content rounded-window-bottom -->
        </div> <!-- panel -->
        <div panel-name="group-mysuite" class="panel">
          <div class="main-panel-header rounded-window-top">
            <span class="header-content">Groups for mysuite</span>
          </div> <!-- main-panel-header rounded-window-top -->
          <div class="main-panel-content rounded-window-bottom">
          </div> <!-- main-panel-content rounded-window-bottom -->
        </div> <!-- panel -->
        <div panel-name="times-mysuite" class="panel">
          <div class="main-panel-header rounded-window-top">
            <span class="header-content">Times for mysuite</span>
          </div> <!-- main-panel-header rounded-window-top -->
          <div class="main-panel-content rounded-window-bottom">
            <div class="times-div">
              <script type="text/javascript">
suiteTableInitFunctions.push('tableData_mysuite');
function tableData_mysuite() {
var data = new google.visualization.DataTable();
data.addColumn('number', 'Number');
data.addColumn('string', 'Method');
data.addColumn('string', 'Class');
data.addColumn('number', 'Time (ms)');
data.addRows(8);
data.setCell(0, 0, 0)
data.setCell(0, 1, 'validateHeroImage')
data.setCell(0, 2, 'com.atmecs.automate_konakart.testscripts.TestHeroImage')
data.setCell(0, 3, 54328);
data.setCell(1, 0, 1)
data.setCell(1, 1, 'validateHeroImage')
data.setCell(1, 2, 'com.atmecs.automate_konakart.testscripts.TestHeroImage')
data.setCell(1, 3, 50169);
data.setCell(2, 0, 2)
data.setCell(2, 1, 'validateHeroImage')
data.setCell(2, 2, 'com.atmecs.automate_konakart.testscripts.TestHeroImage')
data.setCell(2, 3, 40541);
data.setCell(3, 0, 3)
data.setCell(3, 1, 'validateKonakart')
data.setCell(3, 2, 'com.atmecs.automate_konakart.testscripts.TestKonakartHome')
data.setCell(3, 3, 27385);
data.setCell(4, 0, 4)
data.setCell(4, 1, 'validateKonakart')
data.setCell(4, 2, 'com.atmecs.automate_konakart.testscripts.TestKonakartHome')
data.setCell(4, 3, 10926);
data.setCell(5, 0, 5)
data.setCell(5, 1, 'validateKonakart')
data.setCell(5, 2, 'com.atmecs.automate_konakart.testscripts.TestKonakartHome')
data.setCell(5, 3, 8919);
data.setCell(6, 0, 6)
data.setCell(6, 1, 'validateKonakart')
data.setCell(6, 2, 'com.atmecs.automate_konakart.testscripts.TestKonakartHome')
data.setCell(6, 3, 8667);
data.setCell(7, 0, 7)
data.setCell(7, 1, 'validateHeroImage')
data.setCell(7, 2, 'com.atmecs.automate_konakart.testscripts.TestHeroImage')
data.setCell(7, 3, 0);
window.suiteTableData['mysuite']= { tableData: data, tableDiv: 'times-div-mysuite'}
return data;
}
              </script>
              <span class="suite-total-time">Total running time: 3 minutes</span>
              <div id="times-div-mysuite">
              </div> <!-- times-div-mysuite -->
            </div> <!-- times-div -->
          </div> <!-- main-panel-content rounded-window-bottom -->
        </div> <!-- panel -->
        <div panel-name="reporter-mysuite" class="panel">
          <div class="main-panel-header rounded-window-top">
            <span class="header-content">Reporter output for mysuite</span>
          </div> <!-- main-panel-header rounded-window-top -->
          <div class="main-panel-content rounded-window-bottom">
          </div> <!-- main-panel-content rounded-window-bottom -->
        </div> <!-- panel -->
        <div panel-name="ignored-methods-mysuite" class="panel">
          <div class="main-panel-header rounded-window-top">
            <span class="header-content">0 ignored methods</span>
          </div> <!-- main-panel-header rounded-window-top -->
          <div class="main-panel-content rounded-window-bottom">
          </div> <!-- main-panel-content rounded-window-bottom -->
        </div> <!-- panel -->
        <div panel-name="chronological-mysuite" class="panel">
          <div class="main-panel-header rounded-window-top">
            <span class="header-content">Methods in chronological order</span>
          </div> <!-- main-panel-header rounded-window-top -->
          <div class="main-panel-content rounded-window-bottom">
            <div class="chronological-class">
              <div class="chronological-class-name">com.atmecs.automate_konakart.testscripts.TestHeroImage</div> <!-- chronological-class-name -->
              <div class="configuration-suite before">
                <span class="method-name">startReport</span>
                <span class="method-start">0 ms</span>
              </div> <!-- configuration-suite before -->
              <div class="configuration-class before">
                <span class="method-name">baseSetup(MY,FIREFOX)</span>
                <span class="method-start">188 ms</span>
              </div> <!-- configuration-class before -->
            </div> <!-- chronological-class -->
            <div class="chronological-class">
              <div class="chronological-class-name">com.atmecs.automate_konakart.testscripts.TestKonakartHome</div> <!-- chronological-class-name -->
              <div class="configuration-class before">
                <span class="method-name">baseSetup(MY,FIREFOX)</span>
                <span class="method-start">188 ms</span>
              </div> <!-- configuration-class before -->
              <div class="configuration-class before">
                <span class="method-name">baseSetup(MY,CHROME)</span>
                <span class="method-start">188 ms</span>
              </div> <!-- configuration-class before -->
            </div> <!-- chronological-class -->
            <div class="chronological-class">
              <div class="chronological-class-name">com.atmecs.automate_konakart.testscripts.TestHeroImage</div> <!-- chronological-class-name -->
              <div class="configuration-class before">
                <span class="method-name">baseSetup(MY,CHROME)</span>
                <span class="method-start">188 ms</span>
              </div> <!-- configuration-class before -->
            </div> <!-- chronological-class -->
            <div class="chronological-class">
              <div class="chronological-class-name">com.atmecs.automate_konakart.testscripts.TestKonakartHome</div> <!-- chronological-class-name -->
              <div class="test-method">
                <span class="method-name">validateKonakart([KonaKart, 3, the dark knight, The Dark Knight, (3 Reviews), $54.99, null, null, null])</span>
                <span class="method-start">20324 ms</span>
              </div> <!-- test-method -->
            </div> <!-- chronological-class -->
            <div class="chronological-class">
              <div class="chronological-class-name">com.atmecs.automate_konakart.testscripts.TestHeroImage</div> <!-- chronological-class-name -->
              <div class="test-method">
                <span class="method-name">validateHeroImage([KonaKart, https://www.konakart.com/konakart/images/content/home_delonghi.png, Tablets - Amazon - Ki...)</span>
                <span class="method-start">20944 ms</span>
              </div> <!-- test-method -->
              <div class="test-method">
                <img src="failed.png">
                </img>
                <span class="method-name">validateHeroImage([KonaKart, https://www.konakart.com/konakart/images/content/home_delonghi.png, Tablets - Amazon - Ki...)</span>
                <span class="method-start">33072 ms</span>
              </div> <!-- test-method -->
            </div> <!-- chronological-class -->
            <div class="chronological-class">
              <div class="chronological-class-name">com.atmecs.automate_konakart.testscripts.TestKonakartHome</div> <!-- chronological-class-name -->
              <div class="test-method">
                <span class="method-name">validateKonakart([KonaKart, 3, the dark knight, The Dark Knight, (3 Reviews), $54.99, null, null, null])</span>
                <span class="method-start">34717 ms</span>
              </div> <!-- test-method -->
              <div class="configuration-method after">
                <span class="method-name">tearDown([TestResult name=validateKonakart status=SUCCESS method=TestKonakartHome.validateKonakart([Ljava.lan...)</span>
                <span class="method-start">45644 ms</span>
              </div> <!-- configuration-method after -->
              <div class="configuration-method after">
                <span class="method-name">tearDown([TestResult name=validateKonakart status=SUCCESS method=TestKonakartHome.validateKonakart([Ljava.lan...)</span>
                <span class="method-start">47713 ms</span>
              </div> <!-- configuration-method after -->
              <div class="test-method">
                <span class="method-name">validateKonakart([KonaKart, 5, apple, iPhone 5, (0 Reviews), $999.99, iPhone 4S, (0 Reviews), $899.99])</span>
                <span class="method-start">48538 ms</span>
              </div> <!-- test-method -->
              <div class="test-method">
                <span class="method-name">validateKonakart([KonaKart, 5, apple, iPhone 5, (0 Reviews), $999.99, iPhone 4S, (0 Reviews), $899.99])</span>
                <span class="method-start">48934 ms</span>
              </div> <!-- test-method -->
              <div class="configuration-method after">
                <span class="method-name">tearDown([TestResult name=validateKonakart status=SUCCESS method=TestKonakartHome.validateKonakart([Ljava.lan...)</span>
                <span class="method-start">57457 ms</span>
              </div> <!-- configuration-method after -->
              <div class="configuration-method after">
                <span class="method-name">tearDown([TestResult name=validateKonakart status=SUCCESS method=TestKonakartHome.validateKonakart([Ljava.lan...)</span>
                <span class="method-start">57601 ms</span>
              </div> <!-- configuration-method after -->
              <div class="configuration-class after">
                <span class="method-name">endDriver</span>
                <span class="method-start">57713 ms</span>
              </div> <!-- configuration-class after -->
              <div class="configuration-class after">
                <span class="method-name">endDriver</span>
                <span class="method-start">58491 ms</span>
              </div> <!-- configuration-class after -->
            </div> <!-- chronological-class -->
            <div class="chronological-class">
              <div class="chronological-class-name">com.atmecs.automate_konakart.testscripts.TestHeroImage</div> <!-- chronological-class-name -->
              <div class="configuration-method after">
                <img src="failed.png">
                </img>
                <span class="method-name">tearDown([TestResult name=validateHeroImage status=FAILURE method=TestHeroImage.validateHeroImage([Ljava.lang...)</span>
                <span class="method-start">73617 ms</span>
              </div> <!-- configuration-method after -->
              <div class="configuration-method after">
                <span class="method-name">tearDown([TestResult name=validateHeroImage status=SUCCESS method=TestHeroImage.validateHeroImage([Ljava.lang...)</span>
                <span class="method-start">75272 ms</span>
              </div> <!-- configuration-method after -->
              <div class="test-method">
                <img src="failed.png">
                </img>
                <span class="method-name">validateHeroImage([KonaKart, https://www.konakart.com/konakart/images/content/home_kindle-fire-hd.jpg, Kitchen - DeLon...)</span>
                <span class="method-start">75692 ms</span>
              </div> <!-- test-method -->
              <div class="configuration-method after">
                <span class="method-name">tearDown([TestResult name=validateHeroImage status=FAILURE method=TestHeroImage.validateHeroImage([Ljava.lang...)</span>
                <span class="method-start">125865 ms</span>
              </div> <!-- configuration-method after -->
              <div class="configuration-class after">
                <span class="method-name">endDriver</span>
                <span class="method-start">126541 ms</span>
              </div> <!-- configuration-class after -->
              <div class="configuration-suite after">
                <span class="method-name">endReport</span>
                <span class="method-start">130959 ms</span>
              </div> <!-- configuration-suite after -->
              <div class="test-method">
                <span class="method-name">validateHeroImage</span>
                <span class="method-start">-1571942953918 ms</span>
              </div> <!-- test-method -->
          </div> <!-- main-panel-content rounded-window-bottom -->
        </div> <!-- panel -->
      </div> <!-- main-panel-root -->
    </div> <!-- wrapper -->
  </body>
</html>
